[2m04:36:19[22m [31m[1m[vite][22m[39m [31mhttp proxy error: /api/health[39m
AggregateError [ECONNREFUSED]: 
    at internalConnectMultiple (node:net:1142:49)
    at afterConnectMultiple (node:net:1723:7)
[2m04:36:19[22m [31m[1m[vite][22m[39m [31mhttp proxy error: /api/metadata/tables[39m
AggregateError [ECONNREFUSED]: 
    at internalConnectMultiple (node:net:1142:49)
    at afterConnectMultiple (node:net:1723:7)
[2m04:36:19[22m [31m[1m[vite][22m[39m [31mhttp proxy error: /api/health[39m
AggregateError [ECONNREFUSED]: 
    at internalConnectMultiple (node:net:1142:49)
    at afterConnectMultiple (node:net:1723:7)
[2m04:36:19[22m [31m[1m[vite][22m[39m [31mhttp proxy error: /api/metadata/tables[39m
AggregateError [ECONNREFUSED]: 
    at internalConnectMultiple (node:net:1142:49)
    at afterConnectMultiple (node:net:1723:7)
[2m04:36:19[22m [31m[1m[vite][22m[39m [31mhttp proxy error: /api/health[39m
AggregateError [ECONNREFUSED]: 
    at internalConnectMultiple (node:net:1142:49)
    at afterConnectMultiple (node:net:1723:7)
[2m04:36:19[22m [31m[1m[vite][22m[39m [31mhttp proxy error: /api/metadata/tables[39m
AggregateError [ECONNREFUSED]: 
    at internalConnectMultiple (node:net:1142:49)
    at afterConnectMultiple (node:net:1723:7)
[2m04:36:19[22m [31m[1m[vite][22m[39m [31mhttp proxy error: /api/health[39m
AggregateError [ECONNREFUSED]: 
    at internalConnectMultiple (node:net:1142:49)
    at afterConnectMultiple (node:net:1723:7)
[2m04:36:19[22m [31m[1m[vite][22m[39m [31mhttp proxy error: /api/metadata/tables[39m
AggregateError [ECONNREFUSED]: 
    at internalConnectMultiple (node:net:1142:49)
    at afterConnectMultiple (node:net:1723:7)
