INFO:     Started server process [26104]
INFO:     Waiting for application startup.
INFO:     Application startup complete.
INFO:     Uvicorn running on http://127.0.0.1:8000 (Press CTRL+C to quit)
ERROR:    Exception in ASGI application
Traceback (most recent call last):
  File "F:\Œƒµµ\opencode\sql—™‘µΩ‚Œˆø… ”ªØv1\backend\.venv\Lib\site-packages\uvicorn\protocols\http\httptools_impl.py", line 421, in run_asgi
    result = await app(  # type: ignore[func-returns-value]
             ^^^^^^^^^^^^^^^^^^^^^^^^^^^^^^^^^^^^^^^^^^^^^^
  File "F:\Œƒµµ\opencode\sql—™‘µΩ‚Œˆø… ”ªØv1\backend\.venv\Lib\site-packages\uvicorn\middleware\proxy_headers.py", line 63, in __call__
    return await self.app(scope, receive, send)
           ^^^^^^^^^^^^^^^^^^^^^^^^^^^^^^^^^^^^
  File "F:\Œƒµµ\opencode\sql—™‘µΩ‚Œˆø… ”ªØv1\backend\.venv\Lib\site-packages\fastapi\applications.py", line 1159, in __call__
    await super().__call__(scope, receive, send)
  File "F:\Œƒµµ\opencode\sql—™‘µΩ‚Œˆø… ”ªØv1\backend\.venv\Lib\site-packages\starlette\applications.py", line 90, in __call__
    await self.middleware_stack(scope, receive, send)
  File "F:\Œƒµµ\opencode\sql—™‘µΩ‚Œˆø… ”ªØv1\backend\.venv\Lib\site-packages\starlette\middleware\errors.py", line 186, in __call__
    raise exc
  File "F:\Œƒµµ\opencode\sql—™‘µΩ‚Œˆø… ”ªØv1\backend\.venv\Lib\site-packages\starlette\middleware\errors.py", line 164, in __call__
    await self.app(scope, receive, _send)
  File "F:\Œƒµµ\opencode\sql—™‘µΩ‚Œˆø… ”ªØv1\backend\.venv\Lib\site-packages\starlette\middleware\cors.py", line 88, in __call__
    await self.app(scope, receive, send)
  File "F:\Œƒµµ\opencode\sql—™‘µΩ‚Œˆø… ”ªØv1\backend\.venv\Lib\site-packages\starlette\middleware\exceptions.py", line 63, in __call__
    await wrap_app_handling_exceptions(self.app, conn)(scope, receive, send)
  File "F:\Œƒµµ\opencode\sql—™‘µΩ‚Œˆø… ”ªØv1\backend\.venv\Lib\site-packages\starlette\_exception_handler.py", line 53, in wrapped_app
    raise exc
  File "F:\Œƒµµ\opencode\sql—™‘µΩ‚Œˆø… ”ªØv1\backend\.venv\Lib\site-packages\starlette\_exception_handler.py", line 42, in wrapped_app
    await app(scope, receive, sender)
  File "F:\Œƒµµ\opencode\sql—™‘µΩ‚Œˆø… ”ªØv1\backend\.venv\Lib\site-packages\fastapi\middleware\asyncexitstack.py", line 18, in __call__
    await self.app(scope, receive, send)
  File "F:\Œƒµµ\opencode\sql—™‘µΩ‚Œˆø… ”ªØv1\backend\.venv\Lib\site-packages\starlette\routing.py", line 660, in __call__
    await self.middleware_stack(scope, receive, send)
  File "F:\Œƒµµ\opencode\sql—™‘µΩ‚Œˆø… ”ªØv1\backend\.venv\Lib\site-packages\starlette\routing.py", line 680, in app
    await route.handle(scope, receive, send)
  File "F:\Œƒµµ\opencode\sql—™‘µΩ‚Œˆø… ”ªØv1\backend\.venv\Lib\site-packages\starlette\routing.py", line 276, in handle
    await self.app(scope, receive, send)
  File "F:\Œƒµµ\opencode\sql—™‘µΩ‚Œˆø… ”ªØv1\backend\.venv\Lib\site-packages\fastapi\routing.py", line 134, in app
    await wrap_app_handling_exceptions(app, request)(scope, receive, send)
  File "F:\Œƒµµ\opencode\sql—™‘µΩ‚Œˆø… ”ªØv1\backend\.venv\Lib\site-packages\starlette\_exception_handler.py", line 53, in wrapped_app
    raise exc
  File "F:\Œƒµµ\opencode\sql—™‘µΩ‚Œˆø… ”ªØv1\backend\.venv\Lib\site-packages\starlette\_exception_handler.py", line 42, in wrapped_app
    await app(scope, receive, sender)
  File "F:\Œƒµµ\opencode\sql—™‘µΩ‚Œˆø… ”ªØv1\backend\.venv\Lib\site-packages\fastapi\routing.py", line 120, in app
    response = await f(request)
               ^^^^^^^^^^^^^^^^
  File "F:\Œƒµµ\opencode\sql—™‘µΩ‚Œˆø… ”ªØv1\backend\.venv\Lib\site-packages\fastapi\routing.py", line 674, in app
    raw_response = await run_endpoint_function(
                   ^^^^^^^^^^^^^^^^^^^^^^^^^^^^
  File "F:\Œƒµµ\opencode\sql—™‘µΩ‚Œˆø… ”ªØv1\backend\.venv\Lib\site-packages\fastapi\routing.py", line 328, in run_endpoint_function
    return await dependant.call(**values)
           ^^^^^^^^^^^^^^^^^^^^^^^^^^^^^^
  File "F:\Œƒµµ\opencode\sql—™‘µΩ‚Œˆø… ”ªØv1\backend\app\api\metadata_controller.py", line 43, in list_tables
    tables = repo.list_tables()
             ^^^^^^^^^^^^^^^^^^
  File "F:\Œƒµµ\opencode\sql—™‘µΩ‚Œˆø… ”ªØv1\backend\app\repositories\metadata_repository.py", line 73, in list_tables
    rows = conn.execute(
           ^^^^^^^^^^^^^
sqlite3.OperationalError: no such table: table_metadata
ERROR:    Exception in ASGI application
Traceback (most recent call last):
  File "F:\Œƒµµ\opencode\sql—™‘µΩ‚Œˆø… ”ªØv1\backend\.venv\Lib\site-packages\uvicorn\protocols\http\httptools_impl.py", line 421, in run_asgi
    result = await app(  # type: ignore[func-returns-value]
             ^^^^^^^^^^^^^^^^^^^^^^^^^^^^^^^^^^^^^^^^^^^^^^
  File "F:\Œƒµµ\opencode\sql—™‘µΩ‚Œˆø… ”ªØv1\backend\.venv\Lib\site-packages\uvicorn\middleware\proxy_headers.py", line 63, in __call__
    return await self.app(scope, receive, send)
           ^^^^^^^^^^^^^^^^^^^^^^^^^^^^^^^^^^^^
  File "F:\Œƒµµ\opencode\sql—™‘µΩ‚Œˆø… ”ªØv1\backend\.venv\Lib\site-packages\fastapi\applications.py", line 1159, in __call__
    await super().__call__(scope, receive, send)
  File "F:\Œƒµµ\opencode\sql—™‘µΩ‚Œˆø… ”ªØv1\backend\.venv\Lib\site-packages\starlette\applications.py", line 90, in __call__
    await self.middleware_stack(scope, receive, send)
  File "F:\Œƒµµ\opencode\sql—™‘µΩ‚Œˆø… ”ªØv1\backend\.venv\Lib\site-packages\starlette\middleware\errors.py", line 186, in __call__
    raise exc
  File "F:\Œƒµµ\opencode\sql—™‘µΩ‚Œˆø… ”ªØv1\backend\.venv\Lib\site-packages\starlette\middleware\errors.py", line 164, in __call__
    await self.app(scope, receive, _send)
  File "F:\Œƒµµ\opencode\sql—™‘µΩ‚Œˆø… ”ªØv1\backend\.venv\Lib\site-packages\starlette\middleware\cors.py", line 88, in __call__
    await self.app(scope, receive, send)
  File "F:\Œƒµµ\opencode\sql—™‘µΩ‚Œˆø… ”ªØv1\backend\.venv\Lib\site-packages\starlette\middleware\exceptions.py", line 63, in __call__
    await wrap_app_handling_exceptions(self.app, conn)(scope, receive, send)
  File "F:\Œƒµµ\opencode\sql—™‘µΩ‚Œˆø… ”ªØv1\backend\.venv\Lib\site-packages\starlette\_exception_handler.py", line 53, in wrapped_app
    raise exc
  File "F:\Œƒµµ\opencode\sql—™‘µΩ‚Œˆø… ”ªØv1\backend\.venv\Lib\site-packages\starlette\_exception_handler.py", line 42, in wrapped_app
    await app(scope, receive, sender)
  File "F:\Œƒµµ\opencode\sql—™‘µΩ‚Œˆø… ”ªØv1\backend\.venv\Lib\site-packages\fastapi\middleware\asyncexitstack.py", line 18, in __call__
    await self.app(scope, receive, send)
  File "F:\Œƒµµ\opencode\sql—™‘µΩ‚Œˆø… ”ªØv1\backend\.venv\Lib\site-packages\starlette\routing.py", line 660, in __call__
    await self.middleware_stack(scope, receive, send)
  File "F:\Œƒµµ\opencode\sql—™‘µΩ‚Œˆø… ”ªØv1\backend\.venv\Lib\site-packages\starlette\routing.py", line 680, in app
    await route.handle(scope, receive, send)
  File "F:\Œƒµµ\opencode\sql—™‘µΩ‚Œˆø… ”ªØv1\backend\.venv\Lib\site-packages\starlette\routing.py", line 276, in handle
    await self.app(scope, receive, send)
  File "F:\Œƒµµ\opencode\sql—™‘µΩ‚Œˆø… ”ªØv1\backend\.venv\Lib\site-packages\fastapi\routing.py", line 134, in app
    await wrap_app_handling_exceptions(app, request)(scope, receive, send)
  File "F:\Œƒµµ\opencode\sql—™‘µΩ‚Œˆø… ”ªØv1\backend\.venv\Lib\site-packages\starlette\_exception_handler.py", line 53, in wrapped_app
    raise exc
  File "F:\Œƒµµ\opencode\sql—™‘µΩ‚Œˆø… ”ªØv1\backend\.venv\Lib\site-packages\starlette\_exception_handler.py", line 42, in wrapped_app
    await app(scope, receive, sender)
  File "F:\Œƒµµ\opencode\sql—™‘µΩ‚Œˆø… ”ªØv1\backend\.venv\Lib\site-packages\fastapi\routing.py", line 120, in app
    response = await f(request)
               ^^^^^^^^^^^^^^^^
  File "F:\Œƒµµ\opencode\sql—™‘µΩ‚Œˆø… ”ªØv1\backend\.venv\Lib\site-packages\fastapi\routing.py", line 674, in app
    raw_response = await run_endpoint_function(
                   ^^^^^^^^^^^^^^^^^^^^^^^^^^^^
  File "F:\Œƒµµ\opencode\sql—™‘µΩ‚Œˆø… ”ªØv1\backend\.venv\Lib\site-packages\fastapi\routing.py", line 328, in run_endpoint_function
    return await dependant.call(**values)
           ^^^^^^^^^^^^^^^^^^^^^^^^^^^^^^
  File "F:\Œƒµµ\opencode\sql—™‘µΩ‚Œˆø… ”ªØv1\backend\app\api\metadata_controller.py", line 43, in list_tables
    tables = repo.list_tables()
             ^^^^^^^^^^^^^^^^^^
  File "F:\Œƒµµ\opencode\sql—™‘µΩ‚Œˆø… ”ªØv1\backend\app\repositories\metadata_repository.py", line 73, in list_tables
    rows = conn.execute(
           ^^^^^^^^^^^^^
sqlite3.OperationalError: no such table: table_metadata
ERROR:    Exception in ASGI application
Traceback (most recent call last):
  File "F:\Œƒµµ\opencode\sql—™‘µΩ‚Œˆø… ”ªØv1\backend\.venv\Lib\site-packages\uvicorn\protocols\http\httptools_impl.py", line 421, in run_asgi
    result = await app(  # type: ignore[func-returns-value]
             ^^^^^^^^^^^^^^^^^^^^^^^^^^^^^^^^^^^^^^^^^^^^^^
  File "F:\Œƒµµ\opencode\sql—™‘µΩ‚Œˆø… ”ªØv1\backend\.venv\Lib\site-packages\uvicorn\middleware\proxy_headers.py", line 63, in __call__
    return await self.app(scope, receive, send)
           ^^^^^^^^^^^^^^^^^^^^^^^^^^^^^^^^^^^^
  File "F:\Œƒµµ\opencode\sql—™‘µΩ‚Œˆø… ”ªØv1\backend\.venv\Lib\site-packages\fastapi\applications.py", line 1159, in __call__
    await super().__call__(scope, receive, send)
  File "F:\Œƒµµ\opencode\sql—™‘µΩ‚Œˆø… ”ªØv1\backend\.venv\Lib\site-packages\starlette\applications.py", line 90, in __call__
    await self.middleware_stack(scope, receive, send)
  File "F:\Œƒµµ\opencode\sql—™‘µΩ‚Œˆø… ”ªØv1\backend\.venv\Lib\site-packages\starlette\middleware\errors.py", line 186, in __call__
    raise exc
  File "F:\Œƒµµ\opencode\sql—™‘µΩ‚Œˆø… ”ªØv1\backend\.venv\Lib\site-packages\starlette\middleware\errors.py", line 164, in __call__
    await self.app(scope, receive, _send)
  File "F:\Œƒµµ\opencode\sql—™‘µΩ‚Œˆø… ”ªØv1\backend\.venv\Lib\site-packages\starlette\middleware\cors.py", line 96, in __call__
    await self.simple_response(scope, receive, send, request_headers=headers)
  File "F:\Œƒµµ\opencode\sql—™‘µΩ‚Œˆø… ”ªØv1\backend\.venv\Lib\site-packages\starlette\middleware\cors.py", line 154, in simple_response
    await self.app(scope, receive, send)
  File "F:\Œƒµµ\opencode\sql—™‘µΩ‚Œˆø… ”ªØv1\backend\.venv\Lib\site-packages\starlette\middleware\exceptions.py", line 63, in __call__
    await wrap_app_handling_exceptions(self.app, conn)(scope, receive, send)
  File "F:\Œƒµµ\opencode\sql—™‘µΩ‚Œˆø… ”ªØv1\backend\.venv\Lib\site-packages\starlette\_exception_handler.py", line 53, in wrapped_app
    raise exc
  File "F:\Œƒµµ\opencode\sql—™‘µΩ‚Œˆø… ”ªØv1\backend\.venv\Lib\site-packages\starlette\_exception_handler.py", line 42, in wrapped_app
    await app(scope, receive, sender)
  File "F:\Œƒµµ\opencode\sql—™‘µΩ‚Œˆø… ”ªØv1\backend\.venv\Lib\site-packages\fastapi\middleware\asyncexitstack.py", line 18, in __call__
    await self.app(scope, receive, send)
  File "F:\Œƒµµ\opencode\sql—™‘µΩ‚Œˆø… ”ªØv1\backend\.venv\Lib\site-packages\starlette\routing.py", line 660, in __call__
    await self.middleware_stack(scope, receive, send)
  File "F:\Œƒµµ\opencode\sql—™‘µΩ‚Œˆø… ”ªØv1\backend\.venv\Lib\site-packages\starlette\routing.py", line 680, in app
    await route.handle(scope, receive, send)
  File "F:\Œƒµµ\opencode\sql—™‘µΩ‚Œˆø… ”ªØv1\backend\.venv\Lib\site-packages\starlette\routing.py", line 276, in handle
    await self.app(scope, receive, send)
  File "F:\Œƒµµ\opencode\sql—™‘µΩ‚Œˆø… ”ªØv1\backend\.venv\Lib\site-packages\fastapi\routing.py", line 134, in app
    await wrap_app_handling_exceptions(app, request)(scope, receive, send)
  File "F:\Œƒµµ\opencode\sql—™‘µΩ‚Œˆø… ”ªØv1\backend\.venv\Lib\site-packages\starlette\_exception_handler.py", line 53, in wrapped_app
    raise exc
  File "F:\Œƒµµ\opencode\sql—™‘µΩ‚Œˆø… ”ªØv1\backend\.venv\Lib\site-packages\starlette\_exception_handler.py", line 42, in wrapped_app
    await app(scope, receive, sender)
  File "F:\Œƒµµ\opencode\sql—™‘µΩ‚Œˆø… ”ªØv1\backend\.venv\Lib\site-packages\fastapi\routing.py", line 120, in app
    response = await f(request)
               ^^^^^^^^^^^^^^^^
  File "F:\Œƒµµ\opencode\sql—™‘µΩ‚Œˆø… ”ªØv1\backend\.venv\Lib\site-packages\fastapi\routing.py", line 674, in app
    raw_response = await run_endpoint_function(
                   ^^^^^^^^^^^^^^^^^^^^^^^^^^^^
  File "F:\Œƒµµ\opencode\sql—™‘µΩ‚Œˆø… ”ªØv1\backend\.venv\Lib\site-packages\fastapi\routing.py", line 328, in run_endpoint_function
    return await dependant.call(**values)
           ^^^^^^^^^^^^^^^^^^^^^^^^^^^^^^
  File "F:\Œƒµµ\opencode\sql—™‘µΩ‚Œˆø… ”ªØv1\backend\app\api\analyze_controller.py", line 66, in analyze
    metadata = _load_metadata(source_table_names)
               ^^^^^^^^^^^^^^^^^^^^^^^^^^^^^^^^^^
  File "F:\Œƒµµ\opencode\sql—™‘µΩ‚Œˆø… ”ªØv1\backend\app\api\analyze_controller.py", line 239, in _load_metadata
    columns_by_table = meta_repo.get_columns_for_tables(table_names)
                       ^^^^^^^^^^^^^^^^^^^^^^^^^^^^^^^^^^^^^^^^^^^^^
  File "F:\Œƒµµ\opencode\sql—™‘µΩ‚Œˆø… ”ªØv1\backend\app\repositories\metadata_repository.py", line 103, in get_columns_for_tables
    rows = conn.execute(
           ^^^^^^^^^^^^^
sqlite3.OperationalError: no such table: column_metadata
ERROR:    Exception in ASGI application
Traceback (most recent call last):
  File "F:\Œƒµµ\opencode\sql—™‘µΩ‚Œˆø… ”ªØv1\backend\.venv\Lib\site-packages\uvicorn\protocols\http\httptools_impl.py", line 421, in run_asgi
    result = await app(  # type: ignore[func-returns-value]
             ^^^^^^^^^^^^^^^^^^^^^^^^^^^^^^^^^^^^^^^^^^^^^^
  File "F:\Œƒµµ\opencode\sql—™‘µΩ‚Œˆø… ”ªØv1\backend\.venv\Lib\site-packages\uvicorn\middleware\proxy_headers.py", line 63, in __call__
    return await self.app(scope, receive, send)
           ^^^^^^^^^^^^^^^^^^^^^^^^^^^^^^^^^^^^
  File "F:\Œƒµµ\opencode\sql—™‘µΩ‚Œˆø… ”ªØv1\backend\.venv\Lib\site-packages\fastapi\applications.py", line 1159, in __call__
    await super().__call__(scope, receive, send)
  File "F:\Œƒµµ\opencode\sql—™‘µΩ‚Œˆø… ”ªØv1\backend\.venv\Lib\site-packages\starlette\applications.py", line 90, in __call__
    await self.middleware_stack(scope, receive, send)
  File "F:\Œƒµµ\opencode\sql—™‘µΩ‚Œˆø… ”ªØv1\backend\.venv\Lib\site-packages\starlette\middleware\errors.py", line 186, in __call__
    raise exc
  File "F:\Œƒµµ\opencode\sql—™‘µΩ‚Œˆø… ”ªØv1\backend\.venv\Lib\site-packages\starlette\middleware\errors.py", line 164, in __call__
    await self.app(scope, receive, _send)
  File "F:\Œƒµµ\opencode\sql—™‘µΩ‚Œˆø… ”ªØv1\backend\.venv\Lib\site-packages\starlette\middleware\cors.py", line 96, in __call__
    await self.simple_response(scope, receive, send, request_headers=headers)
  File "F:\Œƒµµ\opencode\sql—™‘µΩ‚Œˆø… ”ªØv1\backend\.venv\Lib\site-packages\starlette\middleware\cors.py", line 154, in simple_response
    await self.app(scope, receive, send)
  File "F:\Œƒµµ\opencode\sql—™‘µΩ‚Œˆø… ”ªØv1\backend\.venv\Lib\site-packages\starlette\middleware\exceptions.py", line 63, in __call__
    await wrap_app_handling_exceptions(self.app, conn)(scope, receive, send)
  File "F:\Œƒµµ\opencode\sql—™‘µΩ‚Œˆø… ”ªØv1\backend\.venv\Lib\site-packages\starlette\_exception_handler.py", line 53, in wrapped_app
    raise exc
  File "F:\Œƒµµ\opencode\sql—™‘µΩ‚Œˆø… ”ªØv1\backend\.venv\Lib\site-packages\starlette\_exception_handler.py", line 42, in wrapped_app
    await app(scope, receive, sender)
  File "F:\Œƒµµ\opencode\sql—™‘µΩ‚Œˆø… ”ªØv1\backend\.venv\Lib\site-packages\fastapi\middleware\asyncexitstack.py", line 18, in __call__
    await self.app(scope, receive, send)
  File "F:\Œƒµµ\opencode\sql—™‘µΩ‚Œˆø… ”ªØv1\backend\.venv\Lib\site-packages\starlette\routing.py", line 660, in __call__
    await self.middleware_stack(scope, receive, send)
  File "F:\Œƒµµ\opencode\sql—™‘µΩ‚Œˆø… ”ªØv1\backend\.venv\Lib\site-packages\starlette\routing.py", line 680, in app
    await route.handle(scope, receive, send)
  File "F:\Œƒµµ\opencode\sql—™‘µΩ‚Œˆø… ”ªØv1\backend\.venv\Lib\site-packages\starlette\routing.py", line 276, in handle
    await self.app(scope, receive, send)
  File "F:\Œƒµµ\opencode\sql—™‘µΩ‚Œˆø… ”ªØv1\backend\.venv\Lib\site-packages\fastapi\routing.py", line 134, in app
    await wrap_app_handling_exceptions(app, request)(scope, receive, send)
  File "F:\Œƒµµ\opencode\sql—™‘µΩ‚Œˆø… ”ªØv1\backend\.venv\Lib\site-packages\starlette\_exception_handler.py", line 53, in wrapped_app
    raise exc
  File "F:\Œƒµµ\opencode\sql—™‘µΩ‚Œˆø… ”ªØv1\backend\.venv\Lib\site-packages\starlette\_exception_handler.py", line 42, in wrapped_app
    await app(scope, receive, sender)
  File "F:\Œƒµµ\opencode\sql—™‘µΩ‚Œˆø… ”ªØv1\backend\.venv\Lib\site-packages\fastapi\routing.py", line 120, in app
    response = await f(request)
               ^^^^^^^^^^^^^^^^
  File "F:\Œƒµµ\opencode\sql—™‘µΩ‚Œˆø… ”ªØv1\backend\.venv\Lib\site-packages\fastapi\routing.py", line 674, in app
    raw_response = await run_endpoint_function(
                   ^^^^^^^^^^^^^^^^^^^^^^^^^^^^
  File "F:\Œƒµµ\opencode\sql—™‘µΩ‚Œˆø… ”ªØv1\backend\.venv\Lib\site-packages\fastapi\routing.py", line 328, in run_endpoint_function
    return await dependant.call(**values)
           ^^^^^^^^^^^^^^^^^^^^^^^^^^^^^^
  File "F:\Œƒµµ\opencode\sql—™‘µΩ‚Œˆø… ”ªØv1\backend\app\api\analyze_controller.py", line 66, in analyze
    metadata = _load_metadata(source_table_names)
               ^^^^^^^^^^^^^^^^^^^^^^^^^^^^^^^^^^
  File "F:\Œƒµµ\opencode\sql—™‘µΩ‚Œˆø… ”ªØv1\backend\app\api\analyze_controller.py", line 239, in _load_metadata
    columns_by_table = meta_repo.get_columns_for_tables(table_names)
                       ^^^^^^^^^^^^^^^^^^^^^^^^^^^^^^^^^^^^^^^^^^^^^
  File "F:\Œƒµµ\opencode\sql—™‘µΩ‚Œˆø… ”ªØv1\backend\app\repositories\metadata_repository.py", line 103, in get_columns_for_tables
    rows = conn.execute(
           ^^^^^^^^^^^^^
sqlite3.OperationalError: no such table: column_metadata
ERROR:    Exception in ASGI application
Traceback (most recent call last):
  File "F:\Œƒµµ\opencode\sql—™‘µΩ‚Œˆø… ”ªØv1\backend\.venv\Lib\site-packages\uvicorn\protocols\http\httptools_impl.py", line 421, in run_asgi
    result = await app(  # type: ignore[func-returns-value]
             ^^^^^^^^^^^^^^^^^^^^^^^^^^^^^^^^^^^^^^^^^^^^^^
  File "F:\Œƒµµ\opencode\sql—™‘µΩ‚Œˆø… ”ªØv1\backend\.venv\Lib\site-packages\uvicorn\middleware\proxy_headers.py", line 63, in __call__
    return await self.app(scope, receive, send)
           ^^^^^^^^^^^^^^^^^^^^^^^^^^^^^^^^^^^^
  File "F:\Œƒµµ\opencode\sql—™‘µΩ‚Œˆø… ”ªØv1\backend\.venv\Lib\site-packages\fastapi\applications.py", line 1159, in __call__
    await super().__call__(scope, receive, send)
  File "F:\Œƒµµ\opencode\sql—™‘µΩ‚Œˆø… ”ªØv1\backend\.venv\Lib\site-packages\starlette\applications.py", line 90, in __call__
    await self.middleware_stack(scope, receive, send)
  File "F:\Œƒµµ\opencode\sql—™‘µΩ‚Œˆø… ”ªØv1\backend\.venv\Lib\site-packages\starlette\middleware\errors.py", line 186, in __call__
    raise exc
  File "F:\Œƒµµ\opencode\sql—™‘µΩ‚Œˆø… ”ªØv1\backend\.venv\Lib\site-packages\starlette\middleware\errors.py", line 164, in __call__
    await self.app(scope, receive, _send)
  File "F:\Œƒµµ\opencode\sql—™‘µΩ‚Œˆø… ”ªØv1\backend\.venv\Lib\site-packages\starlette\middleware\cors.py", line 88, in __call__
    await self.app(scope, receive, send)
  File "F:\Œƒµµ\opencode\sql—™‘µΩ‚Œˆø… ”ªØv1\backend\.venv\Lib\site-packages\starlette\middleware\exceptions.py", line 63, in __call__
    await wrap_app_handling_exceptions(self.app, conn)(scope, receive, send)
  File "F:\Œƒµµ\opencode\sql—™‘µΩ‚Œˆø… ”ªØv1\backend\.venv\Lib\site-packages\starlette\_exception_handler.py", line 53, in wrapped_app
    raise exc
  File "F:\Œƒµµ\opencode\sql—™‘µΩ‚Œˆø… ”ªØv1\backend\.venv\Lib\site-packages\starlette\_exception_handler.py", line 42, in wrapped_app
    await app(scope, receive, sender)
  File "F:\Œƒµµ\opencode\sql—™‘µΩ‚Œˆø… ”ªØv1\backend\.venv\Lib\site-packages\fastapi\middleware\asyncexitstack.py", line 18, in __call__
    await self.app(scope, receive, send)
  File "F:\Œƒµµ\opencode\sql—™‘µΩ‚Œˆø… ”ªØv1\backend\.venv\Lib\site-packages\starlette\routing.py", line 660, in __call__
    await self.middleware_stack(scope, receive, send)
  File "F:\Œƒµµ\opencode\sql—™‘µΩ‚Œˆø… ”ªØv1\backend\.venv\Lib\site-packages\starlette\routing.py", line 680, in app
    await route.handle(scope, receive, send)
  File "F:\Œƒµµ\opencode\sql—™‘µΩ‚Œˆø… ”ªØv1\backend\.venv\Lib\site-packages\starlette\routing.py", line 276, in handle
    await self.app(scope, receive, send)
  File "F:\Œƒµµ\opencode\sql—™‘µΩ‚Œˆø… ”ªØv1\backend\.venv\Lib\site-packages\fastapi\routing.py", line 134, in app
    await wrap_app_handling_exceptions(app, request)(scope, receive, send)
  File "F:\Œƒµµ\opencode\sql—™‘µΩ‚Œˆø… ”ªØv1\backend\.venv\Lib\site-packages\starlette\_exception_handler.py", line 53, in wrapped_app
    raise exc
  File "F:\Œƒµµ\opencode\sql—™‘µΩ‚Œˆø… ”ªØv1\backend\.venv\Lib\site-packages\starlette\_exception_handler.py", line 42, in wrapped_app
    await app(scope, receive, sender)
  File "F:\Œƒµµ\opencode\sql—™‘µΩ‚Œˆø… ”ªØv1\backend\.venv\Lib\site-packages\fastapi\routing.py", line 120, in app
    response = await f(request)
               ^^^^^^^^^^^^^^^^
  File "F:\Œƒµµ\opencode\sql—™‘µΩ‚Œˆø… ”ªØv1\backend\.venv\Lib\site-packages\fastapi\routing.py", line 674, in app
    raw_response = await run_endpoint_function(
                   ^^^^^^^^^^^^^^^^^^^^^^^^^^^^
  File "F:\Œƒµµ\opencode\sql—™‘µΩ‚Œˆø… ”ªØv1\backend\.venv\Lib\site-packages\fastapi\routing.py", line 328, in run_endpoint_function
    return await dependant.call(**values)
           ^^^^^^^^^^^^^^^^^^^^^^^^^^^^^^
  File "F:\Œƒµµ\opencode\sql—™‘µΩ‚Œˆø… ”ªØv1\backend\app\api\metadata_controller.py", line 43, in list_tables
    tables = repo.list_tables()
             ^^^^^^^^^^^^^^^^^^
  File "F:\Œƒµµ\opencode\sql—™‘µΩ‚Œˆø… ”ªØv1\backend\app\repositories\metadata_repository.py", line 73, in list_tables
    rows = conn.execute(
           ^^^^^^^^^^^^^
sqlite3.OperationalError: no such table: table_metadata
ERROR:    Exception in ASGI application
Traceback (most recent call last):
  File "F:\Œƒµµ\opencode\sql—™‘µΩ‚Œˆø… ”ªØv1\backend\.venv\Lib\site-packages\uvicorn\protocols\http\httptools_impl.py", line 421, in run_asgi
    result = await app(  # type: ignore[func-returns-value]
             ^^^^^^^^^^^^^^^^^^^^^^^^^^^^^^^^^^^^^^^^^^^^^^
  File "F:\Œƒµµ\opencode\sql—™‘µΩ‚Œˆø… ”ªØv1\backend\.venv\Lib\site-packages\uvicorn\middleware\proxy_headers.py", line 63, in __call__
    return await self.app(scope, receive, send)
           ^^^^^^^^^^^^^^^^^^^^^^^^^^^^^^^^^^^^
  File "F:\Œƒµµ\opencode\sql—™‘µΩ‚Œˆø… ”ªØv1\backend\.venv\Lib\site-packages\fastapi\applications.py", line 1159, in __call__
    await super().__call__(scope, receive, send)
  File "F:\Œƒµµ\opencode\sql—™‘µΩ‚Œˆø… ”ªØv1\backend\.venv\Lib\site-packages\starlette\applications.py", line 90, in __call__
    await self.middleware_stack(scope, receive, send)
  File "F:\Œƒµµ\opencode\sql—™‘µΩ‚Œˆø… ”ªØv1\backend\.venv\Lib\site-packages\starlette\middleware\errors.py", line 186, in __call__
    raise exc
  File "F:\Œƒµµ\opencode\sql—™‘µΩ‚Œˆø… ”ªØv1\backend\.venv\Lib\site-packages\starlette\middleware\errors.py", line 164, in __call__
    await self.app(scope, receive, _send)
  File "F:\Œƒµµ\opencode\sql—™‘µΩ‚Œˆø… ”ªØv1\backend\.venv\Lib\site-packages\starlette\middleware\cors.py", line 88, in __call__
    await self.app(scope, receive, send)
  File "F:\Œƒµµ\opencode\sql—™‘µΩ‚Œˆø… ”ªØv1\backend\.venv\Lib\site-packages\starlette\middleware\exceptions.py", line 63, in __call__
    await wrap_app_handling_exceptions(self.app, conn)(scope, receive, send)
  File "F:\Œƒµµ\opencode\sql—™‘µΩ‚Œˆø… ”ªØv1\backend\.venv\Lib\site-packages\starlette\_exception_handler.py", line 53, in wrapped_app
    raise exc
  File "F:\Œƒµµ\opencode\sql—™‘µΩ‚Œˆø… ”ªØv1\backend\.venv\Lib\site-packages\starlette\_exception_handler.py", line 42, in wrapped_app
    await app(scope, receive, sender)
  File "F:\Œƒµµ\opencode\sql—™‘µΩ‚Œˆø… ”ªØv1\backend\.venv\Lib\site-packages\fastapi\middleware\asyncexitstack.py", line 18, in __call__
    await self.app(scope, receive, send)
  File "F:\Œƒµµ\opencode\sql—™‘µΩ‚Œˆø… ”ªØv1\backend\.venv\Lib\site-packages\starlette\routing.py", line 660, in __call__
    await self.middleware_stack(scope, receive, send)
  File "F:\Œƒµµ\opencode\sql—™‘µΩ‚Œˆø… ”ªØv1\backend\.venv\Lib\site-packages\starlette\routing.py", line 680, in app
    await route.handle(scope, receive, send)
  File "F:\Œƒµµ\opencode\sql—™‘µΩ‚Œˆø… ”ªØv1\backend\.venv\Lib\site-packages\starlette\routing.py", line 276, in handle
    await self.app(scope, receive, send)
  File "F:\Œƒµµ\opencode\sql—™‘µΩ‚Œˆø… ”ªØv1\backend\.venv\Lib\site-packages\fastapi\routing.py", line 134, in app
    await wrap_app_handling_exceptions(app, request)(scope, receive, send)
  File "F:\Œƒµµ\opencode\sql—™‘µΩ‚Œˆø… ”ªØv1\backend\.venv\Lib\site-packages\starlette\_exception_handler.py", line 53, in wrapped_app
    raise exc
  File "F:\Œƒµµ\opencode\sql—™‘µΩ‚Œˆø… ”ªØv1\backend\.venv\Lib\site-packages\starlette\_exception_handler.py", line 42, in wrapped_app
    await app(scope, receive, sender)
  File "F:\Œƒµµ\opencode\sql—™‘µΩ‚Œˆø… ”ªØv1\backend\.venv\Lib\site-packages\fastapi\routing.py", line 120, in app
    response = await f(request)
               ^^^^^^^^^^^^^^^^
  File "F:\Œƒµµ\opencode\sql—™‘µΩ‚Œˆø… ”ªØv1\backend\.venv\Lib\site-packages\fastapi\routing.py", line 674, in app
    raw_response = await run_endpoint_function(
                   ^^^^^^^^^^^^^^^^^^^^^^^^^^^^
  File "F:\Œƒµµ\opencode\sql—™‘µΩ‚Œˆø… ”ªØv1\backend\.venv\Lib\site-packages\fastapi\routing.py", line 328, in run_endpoint_function
    return await dependant.call(**values)
           ^^^^^^^^^^^^^^^^^^^^^^^^^^^^^^
  File "F:\Œƒµµ\opencode\sql—™‘µΩ‚Œˆø… ”ªØv1\backend\app\api\metadata_controller.py", line 43, in list_tables
    tables = repo.list_tables()
             ^^^^^^^^^^^^^^^^^^
  File "F:\Œƒµµ\opencode\sql—™‘µΩ‚Œˆø… ”ªØv1\backend\app\repositories\metadata_repository.py", line 73, in list_tables
    rows = conn.execute(
           ^^^^^^^^^^^^^
sqlite3.OperationalError: no such table: table_metadata
ERROR:    Exception in ASGI application
Traceback (most recent call last):
  File "F:\Œƒµµ\opencode\sql—™‘µΩ‚Œˆø… ”ªØv1\backend\.venv\Lib\site-packages\uvicorn\protocols\http\httptools_impl.py", line 421, in run_asgi
    result = await app(  # type: ignore[func-returns-value]
             ^^^^^^^^^^^^^^^^^^^^^^^^^^^^^^^^^^^^^^^^^^^^^^
  File "F:\Œƒµµ\opencode\sql—™‘µΩ‚Œˆø… ”ªØv1\backend\.venv\Lib\site-packages\uvicorn\middleware\proxy_headers.py", line 63, in __call__
    return await self.app(scope, receive, send)
           ^^^^^^^^^^^^^^^^^^^^^^^^^^^^^^^^^^^^
  File "F:\Œƒµµ\opencode\sql—™‘µΩ‚Œˆø… ”ªØv1\backend\.venv\Lib\site-packages\fastapi\applications.py", line 1159, in __call__
    await super().__call__(scope, receive, send)
  File "F:\Œƒµµ\opencode\sql—™‘µΩ‚Œˆø… ”ªØv1\backend\.venv\Lib\site-packages\starlette\applications.py", line 90, in __call__
    await self.middleware_stack(scope, receive, send)
  File "F:\Œƒµµ\opencode\sql—™‘µΩ‚Œˆø… ”ªØv1\backend\.venv\Lib\site-packages\starlette\middleware\errors.py", line 186, in __call__
    raise exc
  File "F:\Œƒµµ\opencode\sql—™‘µΩ‚Œˆø… ”ªØv1\backend\.venv\Lib\site-packages\starlette\middleware\errors.py", line 164, in __call__
    await self.app(scope, receive, _send)
  File "F:\Œƒµµ\opencode\sql—™‘µΩ‚Œˆø… ”ªØv1\backend\.venv\Lib\site-packages\starlette\middleware\cors.py", line 96, in __call__
    await self.simple_response(scope, receive, send, request_headers=headers)
  File "F:\Œƒµµ\opencode\sql—™‘µΩ‚Œˆø… ”ªØv1\backend\.venv\Lib\site-packages\starlette\middleware\cors.py", line 154, in simple_response
    await self.app(scope, receive, send)
  File "F:\Œƒµµ\opencode\sql—™‘µΩ‚Œˆø… ”ªØv1\backend\.venv\Lib\site-packages\starlette\middleware\exceptions.py", line 63, in __call__
    await wrap_app_handling_exceptions(self.app, conn)(scope, receive, send)
  File "F:\Œƒµµ\opencode\sql—™‘µΩ‚Œˆø… ”ªØv1\backend\.venv\Lib\site-packages\starlette\_exception_handler.py", line 53, in wrapped_app
    raise exc
  File "F:\Œƒµµ\opencode\sql—™‘µΩ‚Œˆø… ”ªØv1\backend\.venv\Lib\site-packages\starlette\_exception_handler.py", line 42, in wrapped_app
    await app(scope, receive, sender)
  File "F:\Œƒµµ\opencode\sql—™‘µΩ‚Œˆø… ”ªØv1\backend\.venv\Lib\site-packages\fastapi\middleware\asyncexitstack.py", line 18, in __call__
    await self.app(scope, receive, send)
  File "F:\Œƒµµ\opencode\sql—™‘µΩ‚Œˆø… ”ªØv1\backend\.venv\Lib\site-packages\starlette\routing.py", line 660, in __call__
    await self.middleware_stack(scope, receive, send)
  File "F:\Œƒµµ\opencode\sql—™‘µΩ‚Œˆø… ”ªØv1\backend\.venv\Lib\site-packages\starlette\routing.py", line 680, in app
    await route.handle(scope, receive, send)
  File "F:\Œƒµµ\opencode\sql—™‘µΩ‚Œˆø… ”ªØv1\backend\.venv\Lib\site-packages\starlette\routing.py", line 276, in handle
    await self.app(scope, receive, send)
  File "F:\Œƒµµ\opencode\sql—™‘µΩ‚Œˆø… ”ªØv1\backend\.venv\Lib\site-packages\fastapi\routing.py", line 134, in app
    await wrap_app_handling_exceptions(app, request)(scope, receive, send)
  File "F:\Œƒµµ\opencode\sql—™‘µΩ‚Œˆø… ”ªØv1\backend\.venv\Lib\site-packages\starlette\_exception_handler.py", line 53, in wrapped_app
    raise exc
  File "F:\Œƒµµ\opencode\sql—™‘µΩ‚Œˆø… ”ªØv1\backend\.venv\Lib\site-packages\starlette\_exception_handler.py", line 42, in wrapped_app
    await app(scope, receive, sender)
  File "F:\Œƒµµ\opencode\sql—™‘µΩ‚Œˆø… ”ªØv1\backend\.venv\Lib\site-packages\fastapi\routing.py", line 120, in app
    response = await f(request)
               ^^^^^^^^^^^^^^^^
  File "F:\Œƒµµ\opencode\sql—™‘µΩ‚Œˆø… ”ªØv1\backend\.venv\Lib\site-packages\fastapi\routing.py", line 674, in app
    raw_response = await run_endpoint_function(
                   ^^^^^^^^^^^^^^^^^^^^^^^^^^^^
  File "F:\Œƒµµ\opencode\sql—™‘µΩ‚Œˆø… ”ªØv1\backend\.venv\Lib\site-packages\fastapi\routing.py", line 328, in run_endpoint_function
    return await dependant.call(**values)
           ^^^^^^^^^^^^^^^^^^^^^^^^^^^^^^
  File "F:\Œƒµµ\opencode\sql—™‘µΩ‚Œˆø… ”ªØv1\backend\app\api\analyze_controller.py", line 66, in analyze
    metadata = _load_metadata(source_table_names)
               ^^^^^^^^^^^^^^^^^^^^^^^^^^^^^^^^^^
  File "F:\Œƒµµ\opencode\sql—™‘µΩ‚Œˆø… ”ªØv1\backend\app\api\analyze_controller.py", line 239, in _load_metadata
    columns_by_table = meta_repo.get_columns_for_tables(table_names)
                       ^^^^^^^^^^^^^^^^^^^^^^^^^^^^^^^^^^^^^^^^^^^^^
  File "F:\Œƒµµ\opencode\sql—™‘µΩ‚Œˆø… ”ªØv1\backend\app\repositories\metadata_repository.py", line 103, in get_columns_for_tables
    rows = conn.execute(
           ^^^^^^^^^^^^^
sqlite3.OperationalError: no such table: column_metadata
ERROR:    Exception in ASGI application
Traceback (most recent call last):
  File "F:\Œƒµµ\opencode\sql—™‘µΩ‚Œˆø… ”ªØv1\backend\.venv\Lib\site-packages\uvicorn\protocols\http\httptools_impl.py", line 421, in run_asgi
    result = await app(  # type: ignore[func-returns-value]
             ^^^^^^^^^^^^^^^^^^^^^^^^^^^^^^^^^^^^^^^^^^^^^^
  File "F:\Œƒµµ\opencode\sql—™‘µΩ‚Œˆø… ”ªØv1\backend\.venv\Lib\site-packages\uvicorn\middleware\proxy_headers.py", line 63, in __call__
    return await self.app(scope, receive, send)
           ^^^^^^^^^^^^^^^^^^^^^^^^^^^^^^^^^^^^
  File "F:\Œƒµµ\opencode\sql—™‘µΩ‚Œˆø… ”ªØv1\backend\.venv\Lib\site-packages\fastapi\applications.py", line 1159, in __call__
    await super().__call__(scope, receive, send)
  File "F:\Œƒµµ\opencode\sql—™‘µΩ‚Œˆø… ”ªØv1\backend\.venv\Lib\site-packages\starlette\applications.py", line 90, in __call__
    await self.middleware_stack(scope, receive, send)
  File "F:\Œƒµµ\opencode\sql—™‘µΩ‚Œˆø… ”ªØv1\backend\.venv\Lib\site-packages\starlette\middleware\errors.py", line 186, in __call__
    raise exc
  File "F:\Œƒµµ\opencode\sql—™‘µΩ‚Œˆø… ”ªØv1\backend\.venv\Lib\site-packages\starlette\middleware\errors.py", line 164, in __call__
    await self.app(scope, receive, _send)
  File "F:\Œƒµµ\opencode\sql—™‘µΩ‚Œˆø… ”ªØv1\backend\.venv\Lib\site-packages\starlette\middleware\cors.py", line 88, in __call__
    await self.app(scope, receive, send)
  File "F:\Œƒµµ\opencode\sql—™‘µΩ‚Œˆø… ”ªØv1\backend\.venv\Lib\site-packages\starlette\middleware\exceptions.py", line 63, in __call__
    await wrap_app_handling_exceptions(self.app, conn)(scope, receive, send)
  File "F:\Œƒµµ\opencode\sql—™‘µΩ‚Œˆø… ”ªØv1\backend\.venv\Lib\site-packages\starlette\_exception_handler.py", line 53, in wrapped_app
    raise exc
  File "F:\Œƒµµ\opencode\sql—™‘µΩ‚Œˆø… ”ªØv1\backend\.venv\Lib\site-packages\starlette\_exception_handler.py", line 42, in wrapped_app
    await app(scope, receive, sender)
  File "F:\Œƒµµ\opencode\sql—™‘µΩ‚Œˆø… ”ªØv1\backend\.venv\Lib\site-packages\fastapi\middleware\asyncexitstack.py", line 18, in __call__
    await self.app(scope, receive, send)
  File "F:\Œƒµµ\opencode\sql—™‘µΩ‚Œˆø… ”ªØv1\backend\.venv\Lib\site-packages\starlette\routing.py", line 660, in __call__
    await self.middleware_stack(scope, receive, send)
  File "F:\Œƒµµ\opencode\sql—™‘µΩ‚Œˆø… ”ªØv1\backend\.venv\Lib\site-packages\starlette\routing.py", line 680, in app
    await route.handle(scope, receive, send)
  File "F:\Œƒµµ\opencode\sql—™‘µΩ‚Œˆø… ”ªØv1\backend\.venv\Lib\site-packages\starlette\routing.py", line 276, in handle
    await self.app(scope, receive, send)
  File "F:\Œƒµµ\opencode\sql—™‘µΩ‚Œˆø… ”ªØv1\backend\.venv\Lib\site-packages\fastapi\routing.py", line 134, in app
    await wrap_app_handling_exceptions(app, request)(scope, receive, send)
  File "F:\Œƒµµ\opencode\sql—™‘µΩ‚Œˆø… ”ªØv1\backend\.venv\Lib\site-packages\starlette\_exception_handler.py", line 53, in wrapped_app
    raise exc
  File "F:\Œƒµµ\opencode\sql—™‘µΩ‚Œˆø… ”ªØv1\backend\.venv\Lib\site-packages\starlette\_exception_handler.py", line 42, in wrapped_app
    await app(scope, receive, sender)
  File "F:\Œƒµµ\opencode\sql—™‘µΩ‚Œˆø… ”ªØv1\backend\.venv\Lib\site-packages\fastapi\routing.py", line 120, in app
    response = await f(request)
               ^^^^^^^^^^^^^^^^
  File "F:\Œƒµµ\opencode\sql—™‘µΩ‚Œˆø… ”ªØv1\backend\.venv\Lib\site-packages\fastapi\routing.py", line 674, in app
    raw_response = await run_endpoint_function(
                   ^^^^^^^^^^^^^^^^^^^^^^^^^^^^
  File "F:\Œƒµµ\opencode\sql—™‘µΩ‚Œˆø… ”ªØv1\backend\.venv\Lib\site-packages\fastapi\routing.py", line 328, in run_endpoint_function
    return await dependant.call(**values)
           ^^^^^^^^^^^^^^^^^^^^^^^^^^^^^^
  File "F:\Œƒµµ\opencode\sql—™‘µΩ‚Œˆø… ”ªØv1\backend\app\api\analyze_controller.py", line 66, in analyze
    metadata = _load_metadata(source_table_names)
               ^^^^^^^^^^^^^^^^^^^^^^^^^^^^^^^^^^
  File "F:\Œƒµµ\opencode\sql—™‘µΩ‚Œˆø… ”ªØv1\backend\app\api\analyze_controller.py", line 239, in _load_metadata
    columns_by_table = meta_repo.get_columns_for_tables(table_names)
                       ^^^^^^^^^^^^^^^^^^^^^^^^^^^^^^^^^^^^^^^^^^^^^
  File "F:\Œƒµµ\opencode\sql—™‘µΩ‚Œˆø… ”ªØv1\backend\app\repositories\metadata_repository.py", line 103, in get_columns_for_tables
    rows = conn.execute(
           ^^^^^^^^^^^^^
sqlite3.OperationalError: no such table: column_metadata
